[2025-12-26T20:01:58.2863619] Loaded 4 service(s)
[2025-12-26T20:01:59.0752536] Health check error: User Service - null
[2025-12-26T20:01:59.1121044] Health check error: Payment Service - null
[2025-12-26T20:01:59.1161025] Health check error: Order Service - null
[2025-12-26T20:01:59.1161025] Health check error: API Gateway - null
[2025-12-26T20:02:08.8018182] Health check error: API Gateway - null
[2025-12-26T20:02:08.8018182] Health check error: Order Service - null
[2025-12-26T20:02:08.8028185] Health check error: User Service - null
[2025-12-26T20:02:08.8028185] Health check error: Payment Service - null
[2025-12-26T20:02:08.9665632] Executing restart script for: User Service (restart-user-service.bat)
[2025-12-26T20:02:09.0395958] Restart script completed for User Service with exit code: 1
[2025-12-26T20:02:09.5350246] Executing restart script for: API Gateway (restart-api-gateway.bat)
[2025-12-26T20:02:09.6082585] Restart script completed for API Gateway with exit code: 1
[2025-12-26T20:02:10.9120753] Executing restart script for: User Service (restart-user-service.bat)
[2025-12-26T20:02:10.9735725] Restart script completed for User Service with exit code: 1
[2025-12-26T20:02:13.6151347] Executing restart script for: API Gateway (restart-api-gateway.bat)
[2025-12-26T20:02:13.6773785] Restart script completed for API Gateway with exit code: 1
[2025-12-26T20:02:17.6234541] Executing restart script for: Payment Service (restart-payment-service.bat)
[2025-12-26T20:02:17.689012] Restart script completed for Payment Service with exit code: 1
[2025-12-26T20:02:18.8026128] Health check error: User Service - null
[2025-12-26T20:02:18.8026128] Health check error: Payment Service - null
[2025-12-26T20:02:18.8036144] Health check error: API Gateway - null
[2025-12-26T20:02:18.8036144] Health check error: Order Service - null
[2025-12-26T20:02:24.9829581] Executing restart script for: User Service (restart-user-service.bat)
[2025-12-26T20:02:25.0383125] Restart script completed for User Service with exit code: 1
[2025-12-26T20:02:28.8057201] Health check error: API Gateway - null
[2025-12-26T20:02:28.8057201] Health check error: Order Service - null
[2025-12-26T20:02:28.8057201] Health check error: User Service - null
[2025-12-26T20:02:28.8067195] Health check error: Payment Service - null
[2025-12-26T20:02:33.4469794] Executing restart script for: Payment Service (restart-payment-service.bat)
[2025-12-26T20:02:33.6485251] Restart script completed for Payment Service with exit code: 1
[2025-12-26T20:02:34.1581797] Executing restart script for: Payment Service (restart-payment-service.bat)
[2025-12-26T20:02:34.1938922] Restart script completed for Payment Service with exit code: 1
[2025-12-26T20:02:34.405682] Executing restart script for: Payment Service (restart-payment-service.bat)
[2025-12-26T20:02:34.4370817] Restart script completed for Payment Service with exit code: 1
[2025-12-26T20:02:35.6633656] Executing restart script for: Order Service (restart-order-service.bat)
[2025-12-26T20:02:35.7156552] Restart script completed for Order Service with exit code: 1
[2025-12-26T20:02:38.807705] Health check error: Order Service - null
[2025-12-26T20:02:38.8086992] Health check error: Payment Service - null
[2025-12-26T20:02:38.8086992] Health check error: API Gateway - null
[2025-12-26T20:02:38.809697] Health check error: User Service - null
[2025-12-26T20:02:39.213968] Executing restart script for: API Gateway (restart-api-gateway.bat)
[2025-12-26T20:02:39.2733782] Restart script completed for API Gateway with exit code: 1
[2025-12-26T20:02:39.4869011] Executing restart script for: API Gateway (restart-api-gateway.bat)
[2025-12-26T20:02:39.5200628] Restart script completed for API Gateway with exit code: 1
[2025-12-26T20:02:39.7587511] Executing restart script for: API Gateway (restart-api-gateway.bat)
[2025-12-26T20:02:39.7933198] Restart script completed for API Gateway with exit code: 1
[2025-12-26T20:02:39.9425742] Executing restart script for: API Gateway (restart-api-gateway.bat)
[2025-12-26T20:02:39.9764998] Restart script completed for API Gateway with exit code: 1
[2025-12-26T20:02:48.8093882] Health check error: API Gateway - null
[2025-12-26T20:02:48.8093882] Health check error: Order Service - null
[2025-12-26T20:02:48.8103852] Health check error: Payment Service - null
[2025-12-26T20:02:48.8103852] Health check error: User Service - null
[2025-12-26T20:02:58.8055642] Health check error: User Service - null
[2025-12-26T20:02:58.8113658] Health check error: Payment Service - null
[2025-12-26T20:02:58.8070484] Health check error: API Gateway - null
[2025-12-26T20:02:58.8091996] Health check error: Order Service - null
[2025-12-26T20:03:08.8045316] Health check error: API Gateway - null
[2025-12-26T20:03:08.808274] Health check error: Payment Service - null
[2025-12-26T20:03:08.8068701] Health check error: User Service - null
[2025-12-26T20:03:08.808274] Health check error: Order Service - null
[2025-12-26T20:03:18.8144693] Health check error: API Gateway - null
[2025-12-26T20:03:18.8144693] Health check error: User Service - null
[2025-12-26T20:03:18.8204739] Health check error: Order Service - null
[2025-12-26T20:03:18.8235796] Health check error: Payment Service - null
[2025-12-26T20:03:28.8115723] Health check error: API Gateway - null
[2025-12-26T20:03:28.8115723] Health check error: Order Service - null
[2025-12-26T20:03:28.8135705] Health check error: Payment Service - null
[2025-12-26T20:03:28.8155735] Health check error: User Service - null
[2025-12-26T20:03:38.8171158] Health check error: User Service - null
[2025-12-26T20:03:38.8160918] Health check error: API Gateway - null
[2025-12-26T20:03:38.8204225] Health check error: Order Service - null
[2025-12-26T20:03:38.8214123] Health check error: Payment Service - null
[2025-12-26T20:03:48.8245578] Health check error: API Gateway - null
[2025-12-26T20:03:48.8245578] Health check error: User Service - null
[2025-12-26T20:03:48.8255571] Health check error: Order Service - null
[2025-12-26T20:03:48.8357413] Health check error: Payment Service - null
[2025-12-26T20:03:58.8076251] Health check error: API Gateway - null
[2025-12-26T20:03:58.8086276] Health check error: User Service - null
[2025-12-26T20:03:58.810628] Health check error: Order Service - null
[2025-12-26T20:03:58.8116249] Health check error: Payment Service - null
[2025-12-26T20:04:08.8077767] Health check error: API Gateway - null
[2025-12-26T20:04:08.8077767] Health check error: User Service - null
[2025-12-26T20:04:08.8110989] Health check error: Order Service - null
[2025-12-26T20:04:08.8181146] Health check error: Payment Service - null
[2025-12-26T20:04:18.8029625] Health check error: API Gateway - null
[2025-12-26T20:04:18.8049643] Health check error: Order Service - null
[2025-12-26T20:04:18.8059638] Health check error: User Service - null
[2025-12-26T20:04:18.8059638] Health check error: Payment Service - null
[2025-12-26T20:04:28.8067265] Health check error: API Gateway - null
[2025-12-26T20:04:28.8067265] Health check error: Order Service - null
[2025-12-26T20:04:28.8077237] Health check error: User Service - null
[2025-12-26T20:04:28.812896] Health check error: Payment Service - null
[2025-12-26T20:04:38.8035015] Health check error: API Gateway - null
[2025-12-26T20:04:38.8040096] Health check error: User Service - null
[2025-12-26T20:04:38.8040096] Health check error: Order Service - null
[2025-12-26T20:04:38.8089889] Health check error: Payment Service - null
[2025-12-26T20:04:48.805585] Health check error: User Service - null
[2025-12-26T20:04:48.8065857] Health check error: API Gateway - null
[2025-12-26T20:04:48.8141022] Health check error: Order Service - null
[2025-12-26T20:04:48.8141022] Health check error: Payment Service - null
[2025-12-26T20:04:57.8714712] Shutting down application
[2025-12-26T20:07:20.5329104] Loaded 4 service(s)
[2025-12-26T20:07:21.1717498] Health check error: User Service - null
[2025-12-26T20:07:21.1727442] Health check error: Order Service - null
[2025-12-26T20:07:21.1747305] Health check error: API Gateway - null
[2025-12-26T20:07:21.1787529] Health check error: Payment Service - null
[2025-12-26T20:07:30.9731346] Health check error: Payment Service - null
[2025-12-26T20:07:30.9741332] Health check error: Order Service - null
[2025-12-26T20:07:30.9741332] Health check error: User Service - null
[2025-12-26T20:07:30.9751363] Health check error: API Gateway - null
[2025-12-26T20:07:39.4700571] Executing restart script for: User Service (restart-user-service.bat)
[2025-12-26T20:07:39.5415433] Restart script completed for User Service with exit code: 1
[2025-12-26T20:07:40.9795442] Health check error: Payment Service - null
[2025-12-26T20:07:40.9815519] Health check error: User Service - null
[2025-12-26T20:07:40.9795442] Health check error: API Gateway - null
[2025-12-26T20:07:40.9805443] Health check error: Order Service - null
[2025-12-26T20:07:50.981736] Health check error: Order Service - null
[2025-12-26T20:07:50.9857388] Health check error: User Service - null
[2025-12-26T20:07:50.9857388] Health check error: Payment Service - null
[2025-12-26T20:07:50.9857388] Health check error: API Gateway - null
[2025-12-26T20:08:00.9850014] Health check error: Payment Service - null
[2025-12-26T20:08:00.9870027] Health check error: User Service - null
[2025-12-26T20:08:00.9870027] Health check error: API Gateway - null
[2025-12-26T20:08:00.9870027] Health check error: Order Service - null
[2025-12-26T20:08:10.9766007] Health check error: Order Service - null
[2025-12-26T20:08:10.9766007] Health check error: Payment Service - null
[2025-12-26T20:08:10.9766007] Health check error: API Gateway - null
[2025-12-26T20:08:10.977599] Health check error: User Service - null
[2025-12-26T20:08:13.4063459] Executing restart script for: Payment Service (restart-payment-service.bat)
[2025-12-26T20:08:13.4585703] Restart script completed for Payment Service with exit code: 1
[2025-12-26T20:08:13.831374] Executing restart script for: Payment Service (restart-payment-service.bat)
[2025-12-26T20:08:13.8714286] Restart script completed for Payment Service with exit code: 1
[2025-12-26T20:08:18.3896297] Executing restart script for: Payment Service (restart-payment-service.bat)
[2025-12-26T20:08:18.4510151] Restart script completed for Payment Service with exit code: 1
[2025-12-26T20:08:20.9866657] Health check error: Order Service - null
[2025-12-26T20:08:20.9866657] Health check error: User Service - null
[2025-12-26T20:08:20.9866657] Health check error: API Gateway - null
[2025-12-26T20:08:20.9866657] Health check error: Payment Service - null
[2025-12-26T20:08:30.9919527] Health check error: User Service - null
[2025-12-26T20:08:30.9909518] Health check error: Payment Service - null
[2025-12-26T20:08:30.9919527] Health check error: Order Service - null
[2025-12-26T20:08:30.9919527] Health check error: API Gateway - null
[2025-12-26T20:08:40.9801842] Health check error: API Gateway - null
[2025-12-26T20:08:40.9816495] Health check error: Payment Service - null
[2025-12-26T20:08:40.9840923] Health check error: Order Service - null
[2025-12-26T20:08:40.9853223] Health check error: User Service - null
[2025-12-26T20:08:50.9837931] Health check error: Order Service - null
[2025-12-26T20:08:50.9837931] Health check error: API Gateway - null
[2025-12-26T20:08:50.9876677] Health check error: User Service - null
[2025-12-26T20:08:50.9925793] Health check error: Payment Service - null
[2025-12-26T20:09:00.9771934] Health check error: Order Service - null
[2025-12-26T20:09:00.978195] Health check error: User Service - null
[2025-12-26T20:09:00.978195] Health check error: Payment Service - null
[2025-12-26T20:09:00.9793639] Health check error: API Gateway - null
[2025-12-26T20:09:10.9733913] Health check error: Order Service - null
[2025-12-26T20:09:10.9733913] Health check error: User Service - null
[2025-12-26T20:09:10.9733913] Health check error: API Gateway - null
[2025-12-26T20:09:10.9733913] Health check error: Payment Service - null
[2025-12-26T20:09:20.9821214] Health check error: Payment Service - null
[2025-12-26T20:09:20.9821214] Health check error: User Service - null
[2025-12-26T20:09:20.9831192] Health check error: Order Service - null
[2025-12-26T20:09:20.9831192] Health check error: API Gateway - null
[2025-12-26T20:09:30.971815] Health check error: API Gateway - null
[2025-12-26T20:09:30.971815] Health check error: User Service - null
[2025-12-26T20:09:30.971815] Health check error: Payment Service - null
[2025-12-26T20:09:30.9730737] Health check error: Order Service - null
[2025-12-26T20:09:40.9832045] Health check error: API Gateway - null
[2025-12-26T20:09:40.9852095] Health check error: Payment Service - null
[2025-12-26T20:09:40.9861946] Health check error: User Service - null
[2025-12-26T20:09:40.9974956] Health check error: Order Service - null
[2025-12-26T20:09:50.976469] Health check error: API Gateway - null
[2025-12-26T20:09:50.9778816] Health check error: Payment Service - null
[2025-12-26T20:09:50.9808983] Health check error: User Service - null
[2025-12-26T20:09:50.97891] Health check error: Order Service - null
[2025-12-26T20:10:00.9784364] Health check error: Order Service - null
[2025-12-26T20:10:00.9796547] Health check error: Payment Service - null
[2025-12-26T20:10:00.9796547] Health check error: User Service - null
[2025-12-26T20:10:00.9796547] Health check error: API Gateway - null
[2025-12-26T20:10:11.0012746] Health check error: API Gateway - null
[2025-12-26T20:10:11.0051405] Health check error: User Service - null
[2025-12-26T20:10:11.0091439] Health check error: Order Service - null
[2025-12-26T20:10:11.0091439] Health check error: Payment Service - null
[2025-12-26T20:10:20.9760676] Health check error: Payment Service - null
[2025-12-26T20:10:20.9760676] Health check error: Order Service - null
[2025-12-26T20:10:20.9770735] Health check error: API Gateway - null
[2025-12-26T20:10:20.9780732] Health check error: User Service - null
[2025-12-26T20:10:30.9773591] Health check error: Order Service - null
[2025-12-26T20:10:30.9783571] Health check error: API Gateway - null
[2025-12-26T20:10:30.9783571] Health check error: User Service - null
[2025-12-26T20:10:30.9793565] Health check error: Payment Service - null
[2025-12-26T20:10:40.9747846] Health check error: API Gateway - null
[2025-12-26T20:10:40.9799563] Health check error: Order Service - null
[2025-12-26T20:10:40.9799563] Health check error: User Service - null
[2025-12-26T20:10:40.9814249] Health check error: Payment Service - null
[2025-12-26T20:10:50.975955] Health check error: User Service - null
[2025-12-26T20:10:50.975955] Health check error: Order Service - null
[2025-12-26T20:10:50.975955] Health check error: API Gateway - null
[2025-12-26T20:10:50.9774049] Health check error: Payment Service - null
[2025-12-26T20:11:00.9764731] Health check error: API Gateway - null
[2025-12-26T20:11:00.9806819] Health check error: User Service - null
[2025-12-26T20:11:00.982696] Health check error: Order Service - null
[2025-12-26T20:11:00.982696] Health check error: Payment Service - null
[2025-12-26T20:11:10.9756512] Health check error: User Service - null
[2025-12-26T20:11:10.9756512] Health check error: Payment Service - null
[2025-12-26T20:11:10.9756512] Health check error: Order Service - null
[2025-12-26T20:11:10.9756512] Health check error: API Gateway - null
[2025-12-26T20:11:20.9730789] Health check error: Order Service - null
[2025-12-26T20:11:20.9730789] Health check error: API Gateway - null
[2025-12-26T20:11:20.974079] Health check error: User Service - null
[2025-12-26T20:11:20.9753627] Health check error: Payment Service - null
[2025-12-26T20:11:30.9737791] Health check error: User Service - null
[2025-12-26T20:11:30.9737791] Health check error: API Gateway - null
[2025-12-26T20:11:30.9737791] Health check error: Order Service - null
[2025-12-26T20:11:30.9751859] Health check error: Payment Service - null
[2025-12-26T20:11:40.9784787] Health check error: Order Service - null
[2025-12-26T20:11:40.979489] Health check error: API Gateway - null
[2025-12-26T20:11:40.979489] Health check error: User Service - null
[2025-12-26T20:11:40.9814803] Health check error: Payment Service - null
[2025-12-26T20:11:50.9764009] Health check error: User Service - null
[2025-12-26T20:11:50.9774] Health check error: API Gateway - null
[2025-12-26T20:11:50.9774] Health check error: Payment Service - null
[2025-12-26T20:11:50.9786541] Health check error: Order Service - null
[2025-12-26T20:12:00.9757191] Health check error: API Gateway - null
[2025-12-26T20:12:00.9757191] Health check error: Order Service - null
[2025-12-26T20:12:00.9757191] Health check error: User Service - null
[2025-12-26T20:12:00.9769301] Health check error: Payment Service - null
[2025-12-26T20:12:10.9774856] Health check error: Order Service - null
[2025-12-26T20:12:10.9784853] Health check error: Payment Service - null
[2025-12-26T20:12:10.9774856] Health check error: User Service - null
[2025-12-26T20:12:10.9784853] Health check error: API Gateway - null
[2025-12-26T20:12:20.9781184] Health check error: API Gateway - null
[2025-12-26T20:12:20.9791195] Health check error: User Service - null
[2025-12-26T20:12:20.9791195] Health check error: Order Service - null
[2025-12-26T20:12:20.9811106] Health check error: Payment Service - null
